<?xml version="1.0" encoding="UTF-8"?>
<testsuite xmlns:xsi="http://www.w3.org/2001/XMLSchema-instance" xsi:noNamespaceSchemaLocation="https://maven.apache.org/surefire/maven-surefire-plugin/xsd/surefire-test-report-3.0.xsd" version="3.0" name="com.learn.webflux.SpringWebfluxApplicationTests" time="2.064" tests="1" errors="0" skipped="0" failures="0">
  <properties>
[...]
</properties>
  <testcase name="contextLoads" classname="com.learn.webflux.SpringWebfluxApplicationTests" time="0.648">
    <system-out><![CDATA[15:58:52.569 [main] INFO org.springframework.test.context.support.AnnotationConfigContextLoaderUtils -- Could not detect default configuration classes for test class [com.learn.webflux.SpringWebfluxApplicationTests]: SpringWebfluxApplicationTests does not declare any static, non-private, non-final, nested classes annotated with @Configuration.
15:58:52.636 [main] INFO org.springframework.boot.test.context.SpringBootTestContextBootstrapper -- Found @SpringBootConfiguration com.learn.webflux.SpringWebfluxApplication for test class com.learn.webflux.SpringWebfluxApplicationTests
15:58:52.743 [main] INFO org.springframework.boot.devtools.restart.RestartApplicationListener -- Restart disabled due to context in which it is running
  .   ____          _            __ _ _
 /\\ / ___'_ __ _ _(_)_ __  __ _ \ \ \ \
( ( )\___ | '_ | '_| | '_ \/ _` | \ \ \ \
 \\/  ___)| |_)| | | | | || (_| |  ) ) ) )
  '  |____| .__|_| |_|_| |_\__, | / / / /
 =========|_|==============|___/=/_/_/_/

 :: Spring Boot ::                (v3.3.0)

2024-06-23T15:58:52.891+07:00  INFO 5572 --- [Spring-Webflux] [           main] c.l.w.SpringWebfluxApplicationTests      : Starting SpringWebfluxApplicationTests using Java 17.0.9 with PID 5572 (started by Seang Kimhak in D:\PJS\Webflux\Spring-Webflux\Spring-Webflux)
2024-06-23T15:58:52.892+07:00  INFO 5572 --- [Spring-Webflux] [           main] c.l.w.SpringWebfluxApplicationTests      : No active profile set, falling back to 1 default profile: "default"
2024-06-23T15:58:53.882+07:00  INFO 5572 --- [Spring-Webflux] [           main] c.l.w.SpringWebfluxApplicationTests      : Started SpringWebfluxApplicationTests in 1.146 seconds (process running for 1.753)
]]></system-out>
  </testcase>
</testsuite>